<?xml version="1.0" encoding="utf-8"?><testsuites name="pytest tests"><testsuite name="pytest" errors="0" failures="0" skipped="0" tests="11" time="7.983" timestamp="2026-03-24T23:42:15.597086+00:00" hostname="agent-env-ae36ac18-142f-4652-bb96-29a3ac210c20"><testcase classname="backend.tests.test_email_api.TestHealthEndpoint" name="test_health_check" time="0.155" /><testcase classname="backend.tests.test_email_api.TestWelcomeEmailEndpoint" name="test_welcome_email_success" time="0.544" /><testcase classname="backend.tests.test_email_api.TestWelcomeEmailEndpoint" name="test_welcome_email_invalid_email" time="0.124" /><testcase classname="backend.tests.test_email_api.TestWelcomeEmailEndpoint" name="test_welcome_email_missing_fields" time="0.140" /><testcase classname="backend.tests.test_email_api.TestShipmentCreatedEmailEndpoint" name="test_shipment_created_email_success" time="1.213" /><testcase classname="backend.tests.test_email_api.TestShipmentCreatedEmailEndpoint" name="test_shipment_created_email_minimal_fields" time="0.464" /><testcase classname="backend.tests.test_email_api.TestShipmentUpdateEmailEndpoint" name="test_shipment_update_email_in_transit" time="0.510" /><testcase classname="backend.tests.test_email_api.TestShipmentUpdateEmailEndpoint" name="test_shipment_update_email_delivered" time="0.457" /><testcase classname="backend.tests.test_email_api.TestShipmentUpdateEmailEndpoint" name="test_shipment_update_email_failed_delivery" time="1.237" /><testcase classname="backend.tests.test_email_api.TestShipmentUpdateEmailEndpoint" name="test_shipment_update_all_statuses" time="2.837" /><testcase classname="backend.tests.test_email_api.TestRootEndpoint" name="test_root_endpoint" time="0.135" /></testsuite></testsuites>